Build started 10/25/2016 3:11:44 PM.
     1>Project "D:\VS2012\Castlevania\LearnD3D\LearnD3D.vcxproj" on node 2 (Build target(s)).
     1>InitializeBuildStatus:
         Creating "Debug\LearnD3D.unsuccessfulbuild" because "AlwaysCreate" was specified.
       ClCompile:
         C:\Program Files (x86)\Microsoft Visual Studio 11.0\VC\bin\CL.exe /c /ZI /nologo /W3 /WX- /Od /Oy- /D _MBCS /Gm /EHsc /RTC1 /MDd /GS /fp:precise /Zc:wchar_t /Zc:forScope /Fo"Debug\\" /Fd"Debug\vc110.pdb" /Gd /TP /analyze- /errorReport:prompt Animation.cpp
         Animation.cpp
       Link:
         C:\Program Files (x86)\Microsoft Visual Studio 11.0\VC\bin\link.exe /ERRORREPORT:PROMPT /OUT:"D:\VS2012\Castlevania\Debug\LearnD3D.exe" /INCREMENTAL /NOLOGO d3d9.lib d3dx9.lib kernel32.lib user32.lib gdi32.lib winspool.lib comdlg32.lib advapi32.lib shell32.lib ole32.lib oleaut32.lib uuid.lib odbc32.lib odbccp32.lib /MANIFEST /MANIFESTUAC:"level='asInvoker' uiAccess='false'" /manifest:embed /DEBUG /PDB:"D:\VS2012\Castlevania\Debug\LearnD3D.pdb" /TLBID:1 /DYNAMICBASE /NXCOMPAT /IMPLIB:"D:\VS2012\Castlevania\Debug\LearnD3D.lib" /MACHINE:X86 Debug\Animation.obj
         Debug\Camera.obj
         Debug\Game.obj
         Debug\GameObject.obj
         Debug\GameSprite.obj
         Debug\GameTime.obj
         Debug\GraphicsDevice.obj
         Debug\Main.obj
         Debug\Player.obj
         LearnD3D.vcxproj -> D:\VS2012\Castlevania\Debug\LearnD3D.exe
       FinalizeBuildStatus:
         Deleting file "Debug\LearnD3D.unsuccessfulbuild".
         Touching "Debug\LearnD3D.lastbuildstate".
     1>Done Building Project "D:\VS2012\Castlevania\LearnD3D\LearnD3D.vcxproj" (Build target(s)).

Build succeeded.

Time Elapsed 00:00:01.25
